WARNING:root:警告,不要嘚瑟
ERROR:root:一般错误
CRITICAL:root:严重错误
WARNING:root:警告,不要嘚瑟
ERROR:root:一般错误
CRITICAL:root:严重错误
WARNING:root:警告,不要嘚瑟
ERROR:root:一般错误
CRITICAL:root:严重错误
WARNING:root:警告,不要嘚瑟
ERROR:root:一般错误
CRITICAL:root:严重错误
2018-10-25 11:28:00警告,不要嘚瑟
2018-10-25 11:28:00一般错误
2018-10-25 11:28:00严重错误
2018-10-25 11:30:24警告,不要嘚瑟
2018-10-25 11:30:24一般错误
2018-10-25 11:30:24严重错误
2018-10-25 11:31:35警告,不要嘚瑟
2018-10-25 11:31:35一般错误
2018-10-25 11:31:35严重错误
2018-10-25 12:50:41警告,不要嘚瑟
2018-10-25 12:50:41一般错误
2018-10-25 12:50:41严重错误
2018-10-25 12:51:46警告,不要嘚瑟
2018-10-25 12:51:46一般错误
2018-10-25 12:51:46严重错误
2018-10-25 12:51:46李鹏超账户记录的日志
2018-10-25 12:54:25警告,不要嘚瑟
2018-10-25 12:54:25一般错误
2018-10-25 12:54:25严重错误
2018-10-25 12:54:25李鹏超账户记录的日志
2018-10-25 12:54:59警告,不要嘚瑟
2018-10-25 12:54:59一般错误
2018-10-25 12:54:59严重错误
2018-10-25 12:54:59aaaa李鹏超账户记录的日志
2018-10-26 09:30:13警告,不要嘚瑟
2018-10-26 09:30:13一般错误
2018-10-26 09:30:13严重错误
2018-10-26 09:32:11警告,不要嘚瑟
2018-10-26 09:32:11一般错误
2018-10-26 09:32:11严重错误
2018-10-26 09:35:04警告,不要嘚瑟
2018-10-26 09:35:04一般错误
2018-10-26 09:35:04严重错误
2018-10-26 09:36:06警告,不要嘚瑟
2018-10-26 09:36:06一般错误
2018-10-26 09:36:06严重错误
2018-10-26 09:36:23警告,不要嘚瑟
2018-10-26 09:36:23一般错误
2018-10-26 09:36:23严重错误
2018-10-26 09:37:12警告,不要嘚瑟
2018-10-26 09:37:12一般错误
2018-10-26 09:37:12严重错误
